c:\users\master the\documents\visual studio 2015\projects\opengl\opengl\debug\vc140.pdb
c:\users\master the\documents\visual studio 2015\projects\opengl\opengl\debug\vc140.idb
c:\users\master the\documents\visual studio 2015\projects\opengl\opengl\debug\source.obj
c:\users\master the\documents\visual studio 2015\projects\opengl\opengl\debug\source1.obj
c:\users\master the\documents\visual studio 2015\projects\opengl\opengl\debug\mouse.obj
c:\users\master the\documents\visual studio 2015\projects\opengl\opengl\debug\test.obj
c:\users\master the\documents\visual studio 2015\projects\opengl\opengl\debug\line.obj
c:\users\master the\documents\visual studio 2015\projects\opengl\opengl\debug\color.obj
c:\users\master the\documents\visual studio 2015\projects\opengl\opengl\debug\reccolor.obj
c:\users\master the\documents\visual studio 2015\projects\opengl\opengl\debug\test1.obj
c:\users\master the\documents\visual studio 2015\projects\opengl\opengl\debug\paint.obj
c:\users\master the\documents\visual studio 2015\projects\opengl\opengl\debug\test2.obj
c:\users\master the\documents\visual studio 2015\projects\opengl\opengl\debug\test3.obj
c:\users\master the\documents\visual studio 2015\projects\opengl\opengl\debug\paint_second.obj
c:\users\master the\documents\visual studio 2015\projects\opengl\opengl\debug\mouse_all.obj
c:\users\master the\documents\visual studio 2015\projects\opengl\debug\opengl.ilk
c:\users\master the\documents\visual studio 2015\projects\opengl\debug\opengl.exe
c:\users\master the\documents\visual studio 2015\projects\opengl\debug\opengl.pdb
c:\users\master the\documents\visual studio 2015\projects\opengl\opengl\debug\opengl.tlog\cl.command.1.tlog
c:\users\master the\documents\visual studio 2015\projects\opengl\opengl\debug\opengl.tlog\cl.read.1.tlog
c:\users\master the\documents\visual studio 2015\projects\opengl\opengl\debug\opengl.tlog\cl.write.1.tlog
c:\users\master the\documents\visual studio 2015\projects\opengl\opengl\debug\opengl.tlog\link.command.1.tlog
c:\users\master the\documents\visual studio 2015\projects\opengl\opengl\debug\opengl.tlog\link.read.1.tlog
c:\users\master the\documents\visual studio 2015\projects\opengl\opengl\debug\opengl.tlog\link.write.1.tlog
