c:\users\master the\documents\visual studio 2015\projects\mfcapplication7\mfcapplication7\debug\mfcapplication7.pch
c:\users\master the\documents\visual studio 2015\projects\mfcapplication7\mfcapplication7\debug\vc140.pdb
c:\users\master the\documents\visual studio 2015\projects\mfcapplication7\mfcapplication7\debug\vc140.idb
c:\users\master the\documents\visual studio 2015\projects\mfcapplication7\mfcapplication7\debug\stdafx.obj
c:\users\master the\documents\visual studio 2015\projects\mfcapplication7\mfcapplication7\debug\mainfrm.obj
c:\users\master the\documents\visual studio 2015\projects\mfcapplication7\mfcapplication7\debug\mfcapplication7.obj
c:\users\master the\documents\visual studio 2015\projects\mfcapplication7\mfcapplication7\debug\mfcapplication7doc.obj
c:\users\master the\documents\visual studio 2015\projects\mfcapplication7\mfcapplication7\debug\mfcapplication7view.obj
c:\users\master the\documents\visual studio 2015\projects\mfcapplication7\debug\mfcapplication7.ilk
c:\users\master the\documents\visual studio 2015\projects\mfcapplication7\debug\mfcapplication7.exe
c:\users\master the\documents\visual studio 2015\projects\mfcapplication7\debug\mfcapplication7.pdb
c:\users\master the\documents\visual studio 2015\projects\mfcapplication7\mfcapplication7\debug\mfcapplication7.res
c:\users\master the\documents\visual studio 2015\projects\mfcapplication7\mfcapplication7\debug\mfcapplication7.tlog\cl.command.1.tlog
c:\users\master the\documents\visual studio 2015\projects\mfcapplication7\mfcapplication7\debug\mfcapplication7.tlog\cl.read.1.tlog
c:\users\master the\documents\visual studio 2015\projects\mfcapplication7\mfcapplication7\debug\mfcapplication7.tlog\cl.write.1.tlog
c:\users\master the\documents\visual studio 2015\projects\mfcapplication7\mfcapplication7\debug\mfcapplication7.tlog\link.command.1.tlog
c:\users\master the\documents\visual studio 2015\projects\mfcapplication7\mfcapplication7\debug\mfcapplication7.tlog\link.read.1.tlog
c:\users\master the\documents\visual studio 2015\projects\mfcapplication7\mfcapplication7\debug\mfcapplication7.tlog\link.write.1.tlog
c:\users\master the\documents\visual studio 2015\projects\mfcapplication7\mfcapplication7\debug\mfcapplication7.tlog\rc.command.1.tlog
c:\users\master the\documents\visual studio 2015\projects\mfcapplication7\mfcapplication7\debug\mfcapplication7.tlog\rc.read.1.tlog
c:\users\master the\documents\visual studio 2015\projects\mfcapplication7\mfcapplication7\debug\mfcapplication7.tlog\rc.write.1.tlog
