c:\users\master the\documents\visual studio 2015\projects\xlwei9\xlwei9\debug\xlwei9.pch
c:\users\master the\documents\visual studio 2015\projects\xlwei9\xlwei9\debug\vc140.pdb
c:\users\master the\documents\visual studio 2015\projects\xlwei9\xlwei9\debug\vc140.idb
c:\users\master the\documents\visual studio 2015\projects\xlwei9\xlwei9\debug\stdafx.obj
c:\users\master the\documents\visual studio 2015\projects\xlwei9\xlwei9\debug\classview.obj
c:\users\master the\documents\visual studio 2015\projects\xlwei9\xlwei9\debug\fileview.obj
c:\users\master the\documents\visual studio 2015\projects\xlwei9\xlwei9\debug\mainfrm.obj
c:\users\master the\documents\visual studio 2015\projects\xlwei9\xlwei9\debug\outputwnd.obj
c:\users\master the\documents\visual studio 2015\projects\xlwei9\xlwei9\debug\propertieswnd.obj
c:\users\master the\documents\visual studio 2015\projects\xlwei9\xlwei9\debug\viewtree.obj
c:\users\master the\documents\visual studio 2015\projects\xlwei9\xlwei9\debug\xlwei9.obj
c:\users\master the\documents\visual studio 2015\projects\xlwei9\xlwei9\debug\xlwei9doc.obj
c:\users\master the\documents\visual studio 2015\projects\xlwei9\xlwei9\debug\xlwei9view.obj
c:\users\master the\documents\visual studio 2015\projects\xlwei9\debug\xlwei9.ilk
c:\users\master the\documents\visual studio 2015\projects\xlwei9\debug\xlwei9.exe
c:\users\master the\documents\visual studio 2015\projects\xlwei9\debug\xlwei9.pdb
c:\users\master the\documents\visual studio 2015\projects\xlwei9\xlwei9\debug\xlwei9.res
c:\users\master the\documents\visual studio 2015\projects\xlwei9\xlwei9\debug\xlwei9.tlog\cl.command.1.tlog
c:\users\master the\documents\visual studio 2015\projects\xlwei9\xlwei9\debug\xlwei9.tlog\cl.read.1.tlog
c:\users\master the\documents\visual studio 2015\projects\xlwei9\xlwei9\debug\xlwei9.tlog\cl.write.1.tlog
c:\users\master the\documents\visual studio 2015\projects\xlwei9\xlwei9\debug\xlwei9.tlog\link.command.1.tlog
c:\users\master the\documents\visual studio 2015\projects\xlwei9\xlwei9\debug\xlwei9.tlog\link.read.1.tlog
c:\users\master the\documents\visual studio 2015\projects\xlwei9\xlwei9\debug\xlwei9.tlog\link.write.1.tlog
c:\users\master the\documents\visual studio 2015\projects\xlwei9\xlwei9\debug\xlwei9.tlog\rc.command.1.tlog
c:\users\master the\documents\visual studio 2015\projects\xlwei9\xlwei9\debug\xlwei9.tlog\rc.read.1.tlog
c:\users\master the\documents\visual studio 2015\projects\xlwei9\xlwei9\debug\xlwei9.tlog\rc.write.1.tlog
