  Moc'ing creatbinarytree.h...
  Uic'ing creatbinarytree.ui...
  Rcc'ing creatbinarytree.qrc...
RCC : warning : No resources in 'C:\Users\Master The\documents\visual studio 2015\Projects\CreatBinaryTree\CreatBinaryTree\creatbinarytree.qrc'.
  
  Moc'ing drawTree.h...
  Uic'ing drawTree.ui...
  Moc'ing twovisit.h...
  Uic'ing twovisit.ui...
  creatbinarytree.cpp
  drawTree.cpp
  moc_creatbinarytree.cpp
  moc_drawTree.cpp
  moc_twovisit.cpp
  main.cpp
  twovisit.cpp
  Generating Code...
c:\users\master the\documents\visual studio 2015\projects\creatbinarytree\creatbinarytree\drawtree.cpp(70): warning C4715: 'drawTree::preOrderVisit': not all control paths return a value
c:\users\master the\documents\visual studio 2015\projects\creatbinarytree\creatbinarytree\binarytree.h(308): warning C4715: 'BinaryTree<QPoint>::destroy': not all control paths return a value
c:\users\master the\documents\visual studio 2015\projects\creatbinarytree\creatbinarytree\binarytree.h(308): warning C4715: 'BinaryTree<QString>::destroy': not all control paths return a value
c:\users\master the\documents\visual studio 2015\projects\creatbinarytree\creatbinarytree\stack.h(50): warning C4715: 'Stack<TreeNode<QString> * __ptr64>::push': not all control paths return a value
c:\users\master the\documents\visual studio 2015\projects\creatbinarytree\creatbinarytree\binarytree.h(121): warning C4715: 'BinaryTree<QString>::preOrderCreat': not all control paths return a value
c:\users\master the\documents\visual studio 2015\projects\creatbinarytree\creatbinarytree\creatbinarytree.cpp(103): warning C4715: 'CreatBinaryTree::OnBtnSwap': not all control paths return a value
  qrc_creatbinarytree.cpp
  CreatBinaryTree.vcxproj -> C:\Users\Master The\documents\visual studio 2015\Projects\CreatBinaryTree\x64\Release\CreatBinaryTree.exe
