  Moc'ing chat.h...
  Moc'ing config.h...
  Moc'ing login.h...
  Moc'ing mainwindow.h...
  Moc'ing registwindow.h...
  Moc'ing selectfriend.h...
  Rcc'ing msg_net.qrc...
RCC : warning : No resources in 'C:\Users\Master The\Documents\Visual Studio 2015\Projects\msg_net\msg_net\msg_net.qrc'.
  
  Uic'ing ..\..\..\..\..\Desktop\msg_net\msg_net\chat.ui...
  Uic'ing ..\..\..\..\..\Desktop\msg_net\msg_net\config.ui...
  Uic'ing ..\..\..\..\..\Desktop\msg_net\msg_net\login.ui...
  Uic'ing ..\..\..\..\..\Desktop\msg_net\msg_net\mainwindow.ui...
  Uic'ing ..\..\..\..\..\Desktop\msg_net\msg_net\registwindow.ui...
  Uic'ing ..\..\..\..\..\Desktop\msg_net\msg_net\selectfriend.ui...
  chat.cpp
  config.cpp
  login.cpp
  main.cpp
  mainwindow.cpp
  registwindow.cpp
  selectfriend.cpp
  moc_chat.cpp
  moc_config.cpp
  moc_login.cpp
  moc_mainwindow.cpp
  moc_registwindow.cpp
  moc_selectfriend.cpp
  Generating Code...
  qrc_msg_net.cpp
  msg_net.vcxproj -> C:\Users\Master The\Documents\Visual Studio 2015\Projects\msg_net\x64\Release\msg_net.exe
