c:\users\master the\documents\visual studio 2015\projects\practice3\practice3\debug\vc140.pdb
c:\users\master the\documents\visual studio 2015\projects\practice3\practice3\debug\vc140.idb
c:\users\master the\documents\visual studio 2015\projects\practice3\practice3\debug\circle.obj
c:\users\master the\documents\visual studio 2015\projects\practice3\practice3\debug\geometry.obj
c:\users\master the\documents\visual studio 2015\projects\practice3\practice3\debug\line.obj
c:\users\master the\documents\visual studio 2015\projects\practice3\practice3\debug\main.obj
c:\users\master the\documents\visual studio 2015\projects\practice3\practice3\debug\point.obj
c:\users\master the\documents\visual studio 2015\projects\practice3\practice3\debug\polygon.obj
c:\users\master the\documents\visual studio 2015\projects\practice3\practice3\debug\rectangle.obj
c:\users\master the\documents\visual studio 2015\projects\practice3\practice3\debug\trapezoid.obj
c:\users\master the\documents\visual studio 2015\projects\practice3\practice3\debug\triangle.obj
c:\users\master the\documents\visual studio 2015\projects\practice3\debug\practice3.ilk
c:\users\master the\documents\visual studio 2015\projects\practice3\debug\practice3.exe
c:\users\master the\documents\visual studio 2015\projects\practice3\debug\practice3.pdb
c:\users\master the\documents\visual studio 2015\projects\practice3\practice3\debug\practice3.tlog\cl.command.1.tlog
c:\users\master the\documents\visual studio 2015\projects\practice3\practice3\debug\practice3.tlog\cl.read.1.tlog
c:\users\master the\documents\visual studio 2015\projects\practice3\practice3\debug\practice3.tlog\cl.write.1.tlog
c:\users\master the\documents\visual studio 2015\projects\practice3\practice3\debug\practice3.tlog\link.command.1.tlog
c:\users\master the\documents\visual studio 2015\projects\practice3\practice3\debug\practice3.tlog\link.read.1.tlog
c:\users\master the\documents\visual studio 2015\projects\practice3\practice3\debug\practice3.tlog\link.write.1.tlog
