  main.cpp
c:\users\master the\documents\visual studio 2015\projects\dfa\dfa\suffix.h(31): warning C4018: '<': signed/unsigned mismatch
c:\users\master the\documents\visual studio 2015\projects\dfa\dfa\suffix.h(33): warning C4018: '<': signed/unsigned mismatch
c:\users\master the\documents\visual studio 2015\projects\dfa\dfa\suffix.h(56): warning C4018: '<': signed/unsigned mismatch
c:\users\master the\documents\visual studio 2015\projects\dfa\dfa\suffix.h(64): warning C4018: '<': signed/unsigned mismatch
c:\users\master the\documents\visual studio 2015\projects\dfa\dfa\nfa.h(47): warning C4018: '<': signed/unsigned mismatch
c:\users\master the\documents\visual studio 2015\projects\dfa\dfa\nfa.h(99): warning C4018: '<': signed/unsigned mismatch
c:\users\master the\documents\visual studio 2015\projects\dfa\dfa\nfa.h(102): warning C4018: '<': signed/unsigned mismatch
c:\users\master the\documents\visual studio 2015\projects\dfa\dfa\dfa.h(42): warning C4018: '<': signed/unsigned mismatch
c:\users\master the\documents\visual studio 2015\projects\dfa\dfa\dfa.h(44): warning C4018: '<': signed/unsigned mismatch
c:\users\master the\documents\visual studio 2015\projects\dfa\dfa\dfa.h(46): warning C4018: '<': signed/unsigned mismatch
c:\users\master the\documents\visual studio 2015\projects\dfa\dfa\dfa.h(60): warning C4018: '<': signed/unsigned mismatch
c:\users\master the\documents\visual studio 2015\projects\dfa\dfa\dfa.h(66): warning C4018: '<': signed/unsigned mismatch
c:\users\master the\documents\visual studio 2015\projects\dfa\dfa\dfa.h(78): warning C4018: '<': signed/unsigned mismatch
c:\users\master the\documents\visual studio 2015\projects\dfa\dfa\dfa.h(80): warning C4018: '<': signed/unsigned mismatch
c:\users\master the\documents\visual studio 2015\projects\dfa\dfa\dfa.h(84): warning C4018: '<': signed/unsigned mismatch
c:\users\master the\documents\visual studio 2015\projects\dfa\dfa\dfa.h(87): warning C4018: '<': signed/unsigned mismatch
c:\users\master the\documents\visual studio 2015\projects\dfa\dfa\dfa.h(95): warning C4018: '<': signed/unsigned mismatch
c:\users\master the\documents\visual studio 2015\projects\dfa\dfa\dfa.h(97): warning C4018: '<': signed/unsigned mismatch
c:\users\master the\documents\visual studio 2015\projects\dfa\dfa\dfa.h(100): warning C4018: '<': signed/unsigned mismatch
c:\users\master the\documents\visual studio 2015\projects\dfa\dfa\dfa.h(106): warning C4018: '<': signed/unsigned mismatch
c:\users\master the\documents\visual studio 2015\projects\dfa\dfa\dfa.h(109): warning C4018: '<': signed/unsigned mismatch
c:\users\master the\documents\visual studio 2015\projects\dfa\dfa\dfa.h(127): warning C4018: '<': signed/unsigned mismatch
c:\users\master the\documents\visual studio 2015\projects\dfa\dfa\dfa.h(129): warning C4018: '<': signed/unsigned mismatch
c:\users\master the\documents\visual studio 2015\projects\dfa\dfa\dfa.h(139): warning C4018: '<': signed/unsigned mismatch
c:\users\master the\documents\visual studio 2015\projects\dfa\dfa\dfa.h(148): warning C4018: '<': signed/unsigned mismatch
c:\users\master the\documents\visual studio 2015\projects\dfa\dfa\dfa.h(150): warning C4018: '<': signed/unsigned mismatch
c:\users\master the\documents\visual studio 2015\projects\dfa\dfa\dfa.h(152): warning C4018: '<': signed/unsigned mismatch
c:\users\master the\documents\visual studio 2015\projects\dfa\dfa\dfa.h(163): warning C4018: '<': signed/unsigned mismatch
c:\users\master the\documents\visual studio 2015\projects\dfa\dfa\dfa.h(170): warning C4018: '<': signed/unsigned mismatch
c:\users\master the\documents\visual studio 2015\projects\dfa\dfa\dfa.h(172): warning C4018: '<': signed/unsigned mismatch
c:\users\master the\documents\visual studio 2015\projects\dfa\dfa\dfa.h(176): warning C4018: '<': signed/unsigned mismatch
c:\users\master the\documents\visual studio 2015\projects\dfa\dfa\dfa.h(179): warning C4018: '<': signed/unsigned mismatch
c:\users\master the\documents\visual studio 2015\projects\dfa\dfa\dfa.h(227): warning C4018: '<': signed/unsigned mismatch
c:\users\master the\documents\visual studio 2015\projects\dfa\dfa\dfa.h(232): warning C4018: '<': signed/unsigned mismatch
c:\users\master the\documents\visual studio 2015\projects\dfa\dfa\dfa.h(274): warning C4018: '<': signed/unsigned mismatch
c:\users\master the\documents\visual studio 2015\projects\dfa\dfa\dfa.h(277): warning C4018: '<': signed/unsigned mismatch
c:\users\master the\documents\visual studio 2015\projects\dfa\dfa\main.cpp(16): warning C4018: '<': signed/unsigned mismatch
c:\users\master the\documents\visual studio 2015\projects\dfa\dfa\main.cpp(22): warning C4018: '<': signed/unsigned mismatch
  dfa.vcxproj -> C:\Users\Master The\documents\visual studio 2015\Projects\dfa\Debug\dfa.exe
  dfa.vcxproj -> C:\Users\Master The\documents\visual studio 2015\Projects\dfa\Debug\dfa.pdb (Full PDB)
