c:\users\master the\documents\visual studio 2015\projects\qt_experiment_2\qt_experiment_2\x64\debug\vc140.pdb
c:\users\master the\documents\visual studio 2015\projects\qt_experiment_2\qt_experiment_2\x64\debug\pixmap.obj
c:\users\master the\documents\visual studio 2015\projects\qt_experiment_2\qt_experiment_2\x64\debug\moc_pixmap.obj
c:\users\master the\documents\visual studio 2015\projects\qt_experiment_2\qt_experiment_2\x64\debug\qt_experiment_2.obj
c:\users\master the\documents\visual studio 2015\projects\qt_experiment_2\qt_experiment_2\x64\debug\main.obj
c:\users\master the\documents\visual studio 2015\projects\qt_experiment_2\qt_experiment_2\x64\debug\moc_qt_experiment_2.obj
c:\users\master the\documents\visual studio 2015\projects\qt_experiment_2\qt_experiment_2\x64\debug\qrc_qt_experiment_2.obj
c:\users\master the\documents\visual studio 2015\projects\qt_experiment_2\qt_experiment_2\generatedfiles\debug\moc_qt_experiment_2.cpp
c:\users\master the\documents\visual studio 2015\projects\qt_experiment_2\qt_experiment_2\generatedfiles\ui_qt_experiment_2.h
c:\users\master the\documents\visual studio 2015\projects\qt_experiment_2\qt_experiment_2\generatedfiles\qrc_qt_experiment_2.cpp
c:\users\master the\documents\visual studio 2015\projects\qt_experiment_2\qt_experiment_2\generatedfiles\ui_pixmap.h
c:\users\master the\documents\visual studio 2015\projects\qt_experiment_2\qt_experiment_2\generatedfiles\debug\moc_pixmap.cpp
c:\users\master the\documents\visual studio 2015\projects\qt_experiment_2\x64\debug\qt_experiment_2.ilk
c:\users\master the\documents\visual studio 2015\projects\qt_experiment_2\x64\debug\qt_experiment_2.exe
c:\users\master the\documents\visual studio 2015\projects\qt_experiment_2\x64\debug\qt_experiment_2.pdb
c:\users\master the\documents\visual studio 2015\projects\qt_experiment_2\qt_experiment_2\x64\debug\qt_experiment_2.res
c:\users\master the\documents\visual studio 2015\projects\qt_experiment_2\qt_experiment_2\x64\debug\qt_experiment_2.tlog\cl.command.1.tlog
c:\users\master the\documents\visual studio 2015\projects\qt_experiment_2\qt_experiment_2\x64\debug\qt_experiment_2.tlog\cl.read.1.tlog
c:\users\master the\documents\visual studio 2015\projects\qt_experiment_2\qt_experiment_2\x64\debug\qt_experiment_2.tlog\cl.write.1.tlog
c:\users\master the\documents\visual studio 2015\projects\qt_experiment_2\qt_experiment_2\x64\debug\qt_experiment_2.tlog\custombuild.command.1.tlog
c:\users\master the\documents\visual studio 2015\projects\qt_experiment_2\qt_experiment_2\x64\debug\qt_experiment_2.tlog\custombuild.read.1.tlog
c:\users\master the\documents\visual studio 2015\projects\qt_experiment_2\qt_experiment_2\x64\debug\qt_experiment_2.tlog\custombuild.write.1.tlog
c:\users\master the\documents\visual studio 2015\projects\qt_experiment_2\qt_experiment_2\x64\debug\qt_experiment_2.tlog\link.command.1.tlog
c:\users\master the\documents\visual studio 2015\projects\qt_experiment_2\qt_experiment_2\x64\debug\qt_experiment_2.tlog\link.read.1.tlog
c:\users\master the\documents\visual studio 2015\projects\qt_experiment_2\qt_experiment_2\x64\debug\qt_experiment_2.tlog\link.write.1.tlog
c:\users\master the\documents\visual studio 2015\projects\qt_experiment_2\qt_experiment_2\x64\debug\qt_experiment_2.tlog\rc.command.1.tlog
c:\users\master the\documents\visual studio 2015\projects\qt_experiment_2\qt_experiment_2\x64\debug\qt_experiment_2.tlog\rc.read.1.tlog
c:\users\master the\documents\visual studio 2015\projects\qt_experiment_2\qt_experiment_2\x64\debug\qt_experiment_2.tlog\rc.write.1.tlog
